<?xml version="1.0" encoding="UTF-8"?>
<testsuite name="kr.ac.jejunu.UserDaoTests" tests="1" skipped="0" failures="0" errors="0" timestamp="2020-06-20T20:43:33" hostname="DESKTOP-77F32LD" time="0.376">
  <properties/>
  <testcase name="update()" classname="kr.ac.jejunu.UserDaoTests" time="0.376"/>
  <system-out><![CDATA[id: mh123000
password: 1234
name: hoon
owner: false
]]></system-out>
  <system-err><![CDATA[]]></system-err>
</testsuite>
