<?xml version="1.0" encoding="UTF-8"?>
<testsuite name="kr.ac.jejunu.user.userDaoTest" tests="1" skipped="0" failures="0" errors="0" timestamp="2020-06-16T17:56:37" hostname="DESKTOP-77F32LD" time="0.403">
  <properties/>
  <testcase name="get()" classname="kr.ac.jejunu.user.userDaoTest" time="0.403"/>
  <system-out><![CDATA[1
]]></system-out>
  <system-err><![CDATA[]]></system-err>
</testsuite>
