<?xml version="1.0" encoding="UTF-8"?>
<testsuite name="kr.ac.jejunu.user.userDaoTest" tests="1" skipped="0" failures="0" errors="0" timestamp="2020-05-05T18:11:27" hostname="DESKTOP-77F32LD" time="0.559">
  <properties/>
  <testcase name="delete()" classname="kr.ac.jejunu.user.userDaoTest" time="0.559"/>
  <system-out><![CDATA[]]></system-out>
  <system-err><![CDATA[]]></system-err>
</testsuite>
