<?xml version="1.0" encoding="UTF-8"?>
<testsuite name="kr.ac.jejunu.user.userDaoTest" tests="1" skipped="0" failures="0" errors="0" timestamp="2020-04-10T16:44:43" hostname="TC4W9R9TBSW1ZY3" time="0.388">
  <properties/>
  <testcase name="get()" classname="kr.ac.jejunu.user.userDaoTest" time="0.388"/>
  <system-out><![CDATA[]]></system-out>
  <system-err><![CDATA[]]></system-err>
</testsuite>
