<?xml version="1.0" encoding="UTF-8"?>
<testsuite name="kr.ac.jejunu.UserDaoTests" tests="1" skipped="0" failures="0" errors="0" timestamp="2020-06-20T15:24:29" hostname="DESKTOP-77F32LD" time="0.324">
  <properties/>
  <testcase name="get()" classname="kr.ac.jejunu.UserDaoTests" time="0.324"/>
  <system-out><![CDATA[]]></system-out>
  <system-err><![CDATA[]]></system-err>
</testsuite>
