<?xml version="1.0" encoding="UTF-8"?>
<testsuite name="kr.ac.jejunu.UserDaoTests" tests="1" skipped="0" failures="0" errors="0" timestamp="2020-06-20T17:55:45" hostname="DESKTOP-77F32LD" time="0.509">
  <properties/>
  <testcase name="insert()" classname="kr.ac.jejunu.UserDaoTests" time="0.509"/>
  <system-out><![CDATA[mh1234567891012
1234
?븳紐낇썕
false
]]></system-out>
  <system-err><![CDATA[]]></system-err>
</testsuite>
