<?xml version="1.0" encoding="UTF-8"?>
<testsuite name="ac.kr.jejunu.user.UserDaoTests" tests="1" skipped="0" failures="0" errors="0" timestamp="2020-06-04T22:07:14" hostname="DESKTOP-77F32LD" time="0.442">
  <properties/>
  <testcase name="insert()" classname="ac.kr.jejunu.user.UserDaoTests" time="0.442"/>
  <system-out><![CDATA[]]></system-out>
  <system-err><![CDATA[]]></system-err>
</testsuite>
